###############################################################################
#
# IAR C/C++ Compiler V10.10.1.4655 for 8051               20/Nov/2021  20:16:30
# Copyright 2004-2017 IAR Systems AB.
# Standalone license - IAR Embedded Workbench for 8051
#
#    Core               =  plain
#    Code model         =  banked
#    Data model         =  large
#    Calling convention =  xdata reentrant
#    Constant location  =  data_rom
#    Dptr setup         =  1,16
#                          
#    Source file        =  
#        D:\Z-Stack Home
#        1.2.2a.44539\Projects\zstack\HomeAutomation\ZigUP\Source\delay.c
#    Command line       =  
#        -f C:\Users\tatbo\AppData\Local\Temp\EW91D4.tmp ("D:\Z-Stack Home
#        1.2.2a.44539\Projects\zstack\HomeAutomation\ZigUP\Source\delay.c" -D
#        SECURE=1 -D HAL_KEY=FALSE -D HAL_LED=FALSE -D HAL_LCD=FALSE -D
#        HAL_UART=FALSE -D TC_LINKKEY_JOIN -D NV_INIT -D NV_RESTORE -D
#        xHOLD_AUTO_START -D ZTOOL_P1 -D MT_TASK -D MT_APP_FUNC -D MT_SYS_FUNC
#        -D MT_ZDO_FUNC -D LCD_SUPPORTED=FALSE -D MULTICAST_ENABLED=FALSE -D
#        ZCL_READ -D ZCL_WRITE -D ZCL_REPORT -D xZCL_EZMODE -D ZCL_BASIC -D
#        ZCL_IDENTIFY -D ZCL_ON_OFF -D ZCL_SCENES -D ZCL_GROUPS -D
#        xZCL_LEVEL_CTRL -D ZCL_DIAGNOSTIC -D FEATURE_SYSTEM_STATS -D
#        ZCL_DOORLOCK -lC "D:\Z-Stack Home
#        1.2.2a.44539\Projects\zstack\HomeAutomation\ZigUP\CC2530DB\EndDeviceEB\List"
#        -lA "D:\Z-Stack Home
#        1.2.2a.44539\Projects\zstack\HomeAutomation\ZigUP\CC2530DB\EndDeviceEB\List"
#        --diag_suppress Pe001,Pa010 -o "D:\Z-Stack Home
#        1.2.2a.44539\Projects\zstack\HomeAutomation\ZigUP\CC2530DB\EndDeviceEB\Obj"
#        -e --debug --core=plain --dptr=16,1 --data_model=large
#        --code_model=banked --calling_convention=xdata_reentrant
#        --place_constants=data_rom --nr_virtual_regs 16 -f "D:\Z-Stack Home
#        1.2.2a.44539\Projects\zstack\HomeAutomation\ZigUP\CC2530DB\..\..\..\Tools\CC2530DB\f8wEndev.cfg"
#        (-DCPU32MHZ -DROOT=__near_func -DMAC_CFG_TX_DATA_MAX=3
#        -DMAC_CFG_TX_MAX=6 -DMAC_CFG_RX_MAX=3) -f "D:\Z-Stack Home
#        1.2.2a.44539\Projects\zstack\HomeAutomation\ZigUP\CC2530DB\..\..\..\Tools\CC2530DB\f8wConfig.cfg"
#        (-DZIGBEEPRO -DSECURE=1 -DZG_SECURE_DYNAMIC=0 -DREFLECTOR
#        -DDEFAULT_CHANLIST=0x00000800 -DZDAPP_CONFIG_PAN_ID=0xFFFF
#        -DNWK_START_DELAY=100 -DEXTENDED_JOINING_RANDOM_MASK=0x007F
#        -DBEACON_REQUEST_DELAY=100 -DBEACON_REQ_DELAY_MASK=0x00FF
#        -DLINK_STATUS_JITTER_MASK=0x007F -DROUTE_EXPIRY_TIME=30
#        -DAPSC_ACK_WAIT_DURATION_POLLED=3000 -DNWK_INDIRECT_MSG_TIMEOUT=7
#        -DMAX_RREQ_ENTRIES=8 -DAPSC_MAX_FRAME_RETRIES=3
#        -DNWK_MAX_DATA_RETRIES=2 -DMAX_POLL_FAILURE_RETRIES=2 -DMAX_BCAST=9
#        -DAPS_MAX_GROUPS=16 -DMAX_RTG_ENTRIES=40 -DNWK_MAX_BINDING_ENTRIES=4
#        -DMAX_BINDING_CLUSTER_IDS=4 "-DDEFAULT_KEY={0x01, 0x03, 0x05, 0x07,
#        0x09, 0x0B, 0x0D, 0x0F, 0x00, 0x02, 0x04, 0x06, 0x08, 0x0A, 0x0C,
#        0x0D}" -DMAC_MAX_FRAME_SIZE=116 -DZDNWKMGR_MIN_TRANSMISSIONS=20
#        "-DCONST=const __code" -DGENERIC=__generic -DRFD_RCVC_ALWAYS_ON=FALSE
#        -DPOLL_RATE=1000 -DQUEUED_POLL_RATE=100 -DRESPONSE_POLL_RATE=100
#        -DREJOIN_POLL_RATE=440 -DREJOIN_BACKOFF=900000 -DREJOIN_SCAN=900000)
#        -f "D:\Z-Stack Home
#        1.2.2a.44539\Projects\zstack\HomeAutomation\ZigUP\CC2530DB\..\..\..\Tools\CC2530DB\f8wZCL.cfg"
#        -I "D:\Z-Stack Home
#        1.2.2a.44539\Projects\zstack\HomeAutomation\ZigUP\CC2530DB\" -I
#        "D:\Z-Stack Home
#        1.2.2a.44539\Projects\zstack\HomeAutomation\ZigUP\CC2530DB\..\Source\"
#        -I "D:\Z-Stack Home
#        1.2.2a.44539\Projects\zstack\HomeAutomation\ZigUP\CC2530DB\..\..\Source\"
#        -I "D:\Z-Stack Home
#        1.2.2a.44539\Projects\zstack\HomeAutomation\ZigUP\CC2530DB\..\..\..\ZMain\TI2530DB\"
#        -I "D:\Z-Stack Home
#        1.2.2a.44539\Projects\zstack\HomeAutomation\ZigUP\CC2530DB\..\..\..\..\..\Components\hal\include\"
#        -I "D:\Z-Stack Home
#        1.2.2a.44539\Projects\zstack\HomeAutomation\ZigUP\CC2530DB\..\..\..\..\..\Components\hal\target\CC2530EB\"
#        -I "D:\Z-Stack Home
#        1.2.2a.44539\Projects\zstack\HomeAutomation\ZigUP\CC2530DB\..\..\..\..\..\Components\mac\include\"
#        -I "D:\Z-Stack Home
#        1.2.2a.44539\Projects\zstack\HomeAutomation\ZigUP\CC2530DB\..\..\..\..\..\Components\mac\high_level\"
#        -I "D:\Z-Stack Home
#        1.2.2a.44539\Projects\zstack\HomeAutomation\ZigUP\CC2530DB\..\..\..\..\..\Components\mac\low_level\srf04\"
#        -I "D:\Z-Stack Home
#        1.2.2a.44539\Projects\zstack\HomeAutomation\ZigUP\CC2530DB\..\..\..\..\..\Components\mac\low_level\srf04\single_chip\"
#        -I "D:\Z-Stack Home
#        1.2.2a.44539\Projects\zstack\HomeAutomation\ZigUP\CC2530DB\..\..\..\..\..\Components\mt\"
#        -I "D:\Z-Stack Home
#        1.2.2a.44539\Projects\zstack\HomeAutomation\ZigUP\CC2530DB\..\..\..\..\..\Components\osal\include\"
#        -I "D:\Z-Stack Home
#        1.2.2a.44539\Projects\zstack\HomeAutomation\ZigUP\CC2530DB\..\..\..\..\..\Components\services\saddr\"
#        -I "D:\Z-Stack Home
#        1.2.2a.44539\Projects\zstack\HomeAutomation\ZigUP\CC2530DB\..\..\..\..\..\Components\services\sdata\"
#        -I "D:\Z-Stack Home
#        1.2.2a.44539\Projects\zstack\HomeAutomation\ZigUP\CC2530DB\..\..\..\..\..\Components\stack\af\"
#        -I "D:\Z-Stack Home
#        1.2.2a.44539\Projects\zstack\HomeAutomation\ZigUP\CC2530DB\..\..\..\..\..\Components\stack\nwk\"
#        -I "D:\Z-Stack Home
#        1.2.2a.44539\Projects\zstack\HomeAutomation\ZigUP\CC2530DB\..\..\..\..\..\Components\stack\sapi\"
#        -I "D:\Z-Stack Home
#        1.2.2a.44539\Projects\zstack\HomeAutomation\ZigUP\CC2530DB\..\..\..\..\..\Components\stack\sec\"
#        -I "D:\Z-Stack Home
#        1.2.2a.44539\Projects\zstack\HomeAutomation\ZigUP\CC2530DB\..\..\..\..\..\Components\stack\sys\"
#        -I "D:\Z-Stack Home
#        1.2.2a.44539\Projects\zstack\HomeAutomation\ZigUP\CC2530DB\..\..\..\..\..\Components\stack\zcl\"
#        -I "D:\Z-Stack Home
#        1.2.2a.44539\Projects\zstack\HomeAutomation\ZigUP\CC2530DB\..\..\..\..\..\Components\stack\zdo\"
#        -I "D:\Z-Stack Home
#        1.2.2a.44539\Projects\zstack\HomeAutomation\ZigUP\CC2530DB\..\..\..\..\..\Components\zmac\"
#        -I "D:\Z-Stack Home
#        1.2.2a.44539\Projects\zstack\HomeAutomation\ZigUP\CC2530DB\..\..\..\..\..\Components\zmac\f8w\"
#        -Ohz --require_prototypes)
#    Locale             =  Chinese (Simplified)_China.936
#    List file          =  
#        D:\Z-Stack Home
#        1.2.2a.44539\Projects\zstack\HomeAutomation\ZigUP\CC2530DB\EndDeviceEB\List\delay.lst
#    Object file        =  
#        D:\Z-Stack Home
#        1.2.2a.44539\Projects\zstack\HomeAutomation\ZigUP\CC2530DB\EndDeviceEB\Obj\delay.r51
#
###############################################################################

D:\Z-Stack Home 1.2.2a.44539\Projects\zstack\HomeAutomation\ZigUP\Source\delay.c
      1          #include "ZComDef.h"
      2          #include "delay.h"
      3          

   \                                 In  segment BANKED_CODE, align 1, keep-with-next
      4          void _delay_us(uint16 microSecs)
   \                     _delay_us:
      5          {
   \   000000                ; Saved register size: 0
   \   000000                ; Auto size: 0
   \   000000   8006         SJMP      ??_delay_us_0
      6            while(microSecs--)
      7            {
      8              asm("nop"); asm("nop"); asm("nop"); asm("nop"); asm("nop"); asm("nop");
   \                     ??_delay_us_1:
   \   000002   00           nop
   \   000003   00           nop
   \   000004   00           nop
   \   000005   00           nop
   \   000006   00           nop
   \   000007   00           nop
      9            }
   \                     ??_delay_us_0:
   \   000008   EA           MOV       A,R2
   \   000009   F8           MOV       R0,A
   \   00000A   EB           MOV       A,R3
   \   00000B   F9           MOV       R1,A
   \   00000C   E8           MOV       A,R0
   \   00000D   24FF         ADD       A,#-0x1
   \   00000F   1A           DEC       R2
   \   000010   E9           MOV       A,R1
   \   000011   34FF         ADDC      A,#-0x1
   \   000013   FB           MOV       R3,A
   \   000014   E8           MOV       A,R0
   \   000015   49           ORL       A,R1
   \   000016   70EA         JNZ       ??_delay_us_1
     10          }
   \   000018   02....       LJMP      ?BRET
     11          

   \                                 In  segment BANKED_CODE, align 1, keep-with-next
     12          void _delay_ms(uint16 milliSecs)
   \                     _delay_ms:
     13          {
   \   000000   74F7         MOV       A,#-0x9
   \   000002   12....       LCALL     ?BANKED_ENTER_XDATA
   \   000005                ; Saved register size: 9
   \   000005                ; Auto size: 0
   \   000005   EA           MOV       A,R2
   \   000006   FE           MOV       R6,A
   \   000007   EB           MOV       A,R3
   \   000008   FF           MOV       R7,A
   \   000009   8007         SJMP      ??_delay_ms_0
     14            while(milliSecs--)
     15            {
     16              _delay_us(1000);
   \                     ??_delay_ms_1:
   \   00000B                ; Setup parameters for call to function _delay_us
   \   00000B   7AE8         MOV       R2,#-0x18
   \   00000D   7B03         MOV       R3,#0x3
   \   00000F   12....       LCALL     `??_delay_us::?relay`; Banked call to: _delay_us
     17            }
   \                     ??_delay_ms_0:
   \   000012   EE           MOV       A,R6
   \   000013   F8           MOV       R0,A
   \   000014   EF           MOV       A,R7
   \   000015   F9           MOV       R1,A
   \   000016   E8           MOV       A,R0
   \   000017   24FF         ADD       A,#-0x1
   \   000019   1E           DEC       R6
   \   00001A   E9           MOV       A,R1
   \   00001B   34FF         ADDC      A,#-0x1
   \   00001D   FF           MOV       R7,A
   \   00001E   E8           MOV       A,R0
   \   00001F   49           ORL       A,R1
   \   000020   70E9         JNZ       ??_delay_ms_1
     18          }
   \   000022   7F01         MOV       R7,#0x1
   \   000024   02....       LJMP      ?BANKED_LEAVE_XDATA

   \                                 In  segment BANK_RELAYS, align 1
   \                     `??_delay_us::?relay`:
   \   000000   12....       LCALL   ?BDISPATCH
   \   000003   ......       DC24    _delay_us

   \                                 In  segment BANK_RELAYS, align 1
   \                     `??_delay_ms::?relay`:
   \   000000   12....       LCALL   ?BDISPATCH
   \   000003   ......       DC24    _delay_ms

   Maximum stack usage in bytes:

   XSTACK Function
   ------ --------
      9   _delay_ms
        9   -> _delay_us
      9   _delay_us


   Segment part sizes:

   Bytes  Function/Label
   -----  --------------
      39  _delay_ms
       6  _delay_ms::?relay
      27  _delay_us
       6  _delay_us::?relay

 
 66 bytes in segment BANKED_CODE
 12 bytes in segment BANK_RELAYS
 
 12 bytes of CODE     memory
 66 bytes of HUGECODE memory

Errors: none
Warnings: none
