###############################################################################
#
# IAR C/C++ Compiler V10.10.1.4655 for 8051               20/Nov/2021  20:16:30
# Copyright 2004-2017 IAR Systems AB.
# Standalone license - IAR Embedded Workbench for 8051
#
#    Core               =  plain
#    Code model         =  banked
#    Data model         =  large
#    Calling convention =  xdata reentrant
#    Constant location  =  data_rom
#    Dptr setup         =  1,16
#                          
#    Source file        =  
#        D:\Z-Stack Home
#        1.2.2a.44539\Projects\zstack\HomeAutomation\ZigUP\Source\global.c
#    Command line       =  
#        -f C:\Users\tatbo\AppData\Local\Temp\EW936E.tmp ("D:\Z-Stack Home
#        1.2.2a.44539\Projects\zstack\HomeAutomation\ZigUP\Source\global.c" -D
#        SECURE=1 -D HAL_KEY=FALSE -D HAL_LED=FALSE -D HAL_LCD=FALSE -D
#        HAL_UART=FALSE -D TC_LINKKEY_JOIN -D NV_INIT -D NV_RESTORE -D
#        xHOLD_AUTO_START -D ZTOOL_P1 -D MT_TASK -D MT_APP_FUNC -D MT_SYS_FUNC
#        -D MT_ZDO_FUNC -D LCD_SUPPORTED=FALSE -D MULTICAST_ENABLED=FALSE -D
#        ZCL_READ -D ZCL_WRITE -D ZCL_REPORT -D xZCL_EZMODE -D ZCL_BASIC -D
#        ZCL_IDENTIFY -D ZCL_ON_OFF -D ZCL_SCENES -D ZCL_GROUPS -D
#        xZCL_LEVEL_CTRL -D ZCL_DIAGNOSTIC -D FEATURE_SYSTEM_STATS -D
#        ZCL_DOORLOCK -lC "D:\Z-Stack Home
#        1.2.2a.44539\Projects\zstack\HomeAutomation\ZigUP\CC2530DB\EndDeviceEB\List"
#        -lA "D:\Z-Stack Home
#        1.2.2a.44539\Projects\zstack\HomeAutomation\ZigUP\CC2530DB\EndDeviceEB\List"
#        --diag_suppress Pe001,Pa010 -o "D:\Z-Stack Home
#        1.2.2a.44539\Projects\zstack\HomeAutomation\ZigUP\CC2530DB\EndDeviceEB\Obj"
#        -e --debug --core=plain --dptr=16,1 --data_model=large
#        --code_model=banked --calling_convention=xdata_reentrant
#        --place_constants=data_rom --nr_virtual_regs 16 -f "D:\Z-Stack Home
#        1.2.2a.44539\Projects\zstack\HomeAutomation\ZigUP\CC2530DB\..\..\..\Tools\CC2530DB\f8wEndev.cfg"
#        (-DCPU32MHZ -DROOT=__near_func -DMAC_CFG_TX_DATA_MAX=3
#        -DMAC_CFG_TX_MAX=6 -DMAC_CFG_RX_MAX=3) -f "D:\Z-Stack Home
#        1.2.2a.44539\Projects\zstack\HomeAutomation\ZigUP\CC2530DB\..\..\..\Tools\CC2530DB\f8wConfig.cfg"
#        (-DZIGBEEPRO -DSECURE=1 -DZG_SECURE_DYNAMIC=0 -DREFLECTOR
#        -DDEFAULT_CHANLIST=0x00000800 -DZDAPP_CONFIG_PAN_ID=0xFFFF
#        -DNWK_START_DELAY=100 -DEXTENDED_JOINING_RANDOM_MASK=0x007F
#        -DBEACON_REQUEST_DELAY=100 -DBEACON_REQ_DELAY_MASK=0x00FF
#        -DLINK_STATUS_JITTER_MASK=0x007F -DROUTE_EXPIRY_TIME=30
#        -DAPSC_ACK_WAIT_DURATION_POLLED=3000 -DNWK_INDIRECT_MSG_TIMEOUT=7
#        -DMAX_RREQ_ENTRIES=8 -DAPSC_MAX_FRAME_RETRIES=3
#        -DNWK_MAX_DATA_RETRIES=2 -DMAX_POLL_FAILURE_RETRIES=2 -DMAX_BCAST=9
#        -DAPS_MAX_GROUPS=16 -DMAX_RTG_ENTRIES=40 -DNWK_MAX_BINDING_ENTRIES=4
#        -DMAX_BINDING_CLUSTER_IDS=4 "-DDEFAULT_KEY={0x01, 0x03, 0x05, 0x07,
#        0x09, 0x0B, 0x0D, 0x0F, 0x00, 0x02, 0x04, 0x06, 0x08, 0x0A, 0x0C,
#        0x0D}" -DMAC_MAX_FRAME_SIZE=116 -DZDNWKMGR_MIN_TRANSMISSIONS=20
#        "-DCONST=const __code" -DGENERIC=__generic -DRFD_RCVC_ALWAYS_ON=FALSE
#        -DPOLL_RATE=1000 -DQUEUED_POLL_RATE=100 -DRESPONSE_POLL_RATE=100
#        -DREJOIN_POLL_RATE=440 -DREJOIN_BACKOFF=900000 -DREJOIN_SCAN=900000)
#        -f "D:\Z-Stack Home
#        1.2.2a.44539\Projects\zstack\HomeAutomation\ZigUP\CC2530DB\..\..\..\Tools\CC2530DB\f8wZCL.cfg"
#        -I "D:\Z-Stack Home
#        1.2.2a.44539\Projects\zstack\HomeAutomation\ZigUP\CC2530DB\" -I
#        "D:\Z-Stack Home
#        1.2.2a.44539\Projects\zstack\HomeAutomation\ZigUP\CC2530DB\..\Source\"
#        -I "D:\Z-Stack Home
#        1.2.2a.44539\Projects\zstack\HomeAutomation\ZigUP\CC2530DB\..\..\Source\"
#        -I "D:\Z-Stack Home
#        1.2.2a.44539\Projects\zstack\HomeAutomation\ZigUP\CC2530DB\..\..\..\ZMain\TI2530DB\"
#        -I "D:\Z-Stack Home
#        1.2.2a.44539\Projects\zstack\HomeAutomation\ZigUP\CC2530DB\..\..\..\..\..\Components\hal\include\"
#        -I "D:\Z-Stack Home
#        1.2.2a.44539\Projects\zstack\HomeAutomation\ZigUP\CC2530DB\..\..\..\..\..\Components\hal\target\CC2530EB\"
#        -I "D:\Z-Stack Home
#        1.2.2a.44539\Projects\zstack\HomeAutomation\ZigUP\CC2530DB\..\..\..\..\..\Components\mac\include\"
#        -I "D:\Z-Stack Home
#        1.2.2a.44539\Projects\zstack\HomeAutomation\ZigUP\CC2530DB\..\..\..\..\..\Components\mac\high_level\"
#        -I "D:\Z-Stack Home
#        1.2.2a.44539\Projects\zstack\HomeAutomation\ZigUP\CC2530DB\..\..\..\..\..\Components\mac\low_level\srf04\"
#        -I "D:\Z-Stack Home
#        1.2.2a.44539\Projects\zstack\HomeAutomation\ZigUP\CC2530DB\..\..\..\..\..\Components\mac\low_level\srf04\single_chip\"
#        -I "D:\Z-Stack Home
#        1.2.2a.44539\Projects\zstack\HomeAutomation\ZigUP\CC2530DB\..\..\..\..\..\Components\mt\"
#        -I "D:\Z-Stack Home
#        1.2.2a.44539\Projects\zstack\HomeAutomation\ZigUP\CC2530DB\..\..\..\..\..\Components\osal\include\"
#        -I "D:\Z-Stack Home
#        1.2.2a.44539\Projects\zstack\HomeAutomation\ZigUP\CC2530DB\..\..\..\..\..\Components\services\saddr\"
#        -I "D:\Z-Stack Home
#        1.2.2a.44539\Projects\zstack\HomeAutomation\ZigUP\CC2530DB\..\..\..\..\..\Components\services\sdata\"
#        -I "D:\Z-Stack Home
#        1.2.2a.44539\Projects\zstack\HomeAutomation\ZigUP\CC2530DB\..\..\..\..\..\Components\stack\af\"
#        -I "D:\Z-Stack Home
#        1.2.2a.44539\Projects\zstack\HomeAutomation\ZigUP\CC2530DB\..\..\..\..\..\Components\stack\nwk\"
#        -I "D:\Z-Stack Home
#        1.2.2a.44539\Projects\zstack\HomeAutomation\ZigUP\CC2530DB\..\..\..\..\..\Components\stack\sapi\"
#        -I "D:\Z-Stack Home
#        1.2.2a.44539\Projects\zstack\HomeAutomation\ZigUP\CC2530DB\..\..\..\..\..\Components\stack\sec\"
#        -I "D:\Z-Stack Home
#        1.2.2a.44539\Projects\zstack\HomeAutomation\ZigUP\CC2530DB\..\..\..\..\..\Components\stack\sys\"
#        -I "D:\Z-Stack Home
#        1.2.2a.44539\Projects\zstack\HomeAutomation\ZigUP\CC2530DB\..\..\..\..\..\Components\stack\zcl\"
#        -I "D:\Z-Stack Home
#        1.2.2a.44539\Projects\zstack\HomeAutomation\ZigUP\CC2530DB\..\..\..\..\..\Components\stack\zdo\"
#        -I "D:\Z-Stack Home
#        1.2.2a.44539\Projects\zstack\HomeAutomation\ZigUP\CC2530DB\..\..\..\..\..\Components\zmac\"
#        -I "D:\Z-Stack Home
#        1.2.2a.44539\Projects\zstack\HomeAutomation\ZigUP\CC2530DB\..\..\..\..\..\Components\zmac\f8w\"
#        -Ohz --require_prototypes)
#    Locale             =  Chinese (Simplified)_China.936
#    List file          =  
#        D:\Z-Stack Home
#        1.2.2a.44539\Projects\zstack\HomeAutomation\ZigUP\CC2530DB\EndDeviceEB\List\global.lst
#    Object file        =  
#        D:\Z-Stack Home
#        1.2.2a.44539\Projects\zstack\HomeAutomation\ZigUP\CC2530DB\EndDeviceEB\Obj\global.r51
#
###############################################################################

D:\Z-Stack Home 1.2.2a.44539\Projects\zstack\HomeAutomation\ZigUP\Source\global.c
      1          #include "ZComDef.h"
      2          #include "global.h"
      3          

   \                                 In  segment XDATA_I, align 1, keep-with-next
      4          uint32 float_NaN = 0x7F800001;
   \                     float_NaN:
   \   000000                DS 4
   \   000004                REQUIRE `?<Initializer for float_NaN>`
   \   000004                REQUIRE __INIT_XDATA_I
      5          

   \                                 In  segment XDATA_Z, align 1, keep-with-next
      6          float EXT_Temperature;
   \                     EXT_Temperature:
   \   000000                DS 4
   \   000004                REQUIRE __INIT_XDATA_Z

   \                                 In  segment XDATA_Z, align 1, keep-with-next
      7          float EXT_Humidity;
   \                     EXT_Humidity:
   \   000000                DS 4
   \   000004                REQUIRE __INIT_XDATA_Z

   \                                 In  segment XDATA_Z, align 1, keep-with-next
      8          float ADC_Voltage;
   \                     ADC_Voltage:
   \   000000                DS 4
   \   000004                REQUIRE __INIT_XDATA_Z

   \                                 In  segment XDATA_Z, align 1, keep-with-next
      9          float CPU_Temperature;
   \                     CPU_Temperature:
   \   000000                DS 4
   \   000004                REQUIRE __INIT_XDATA_Z

   \                                 In  segment XDATA_Z, align 1, keep-with-next
     10          uint16 DIG_IN = 0;
   \                     DIG_IN:
   \   000000                DS 2
   \   000002                REQUIRE __INIT_XDATA_Z
     11          

   \                                 In  segment XDATA_Z, align 1, keep-with-next
     12          byte zclZigUP_TaskID;
   \                     zclZigUP_TaskID:
   \   000000                DS 1
   \   000001                REQUIRE __INIT_XDATA_Z

   \                                 In  segment XDATA_Z, align 1, keep-with-next
     13          uint16 zclZigUPSeqNum=0;
   \                     zclZigUPSeqNum:
   \   000000                DS 2
   \   000002                REQUIRE __INIT_XDATA_Z
     14          

   \                                 In  segment XDATA_Z, align 1, keep-with-next
     15          volatile uint32 S0=0;
   \                     S0:
   \   000000                DS 4
   \   000004                REQUIRE __INIT_XDATA_Z

   \                                 In  segment XDATA_Z, align 1, keep-with-next
     16          volatile uint8 STATE_LIGHT=0;
   \                     STATE_LIGHT:
   \   000000                DS 1
   \   000001                REQUIRE __INIT_XDATA_Z

   \                                 In  segment XDATA_Z, align 1, keep-with-next
     17          volatile uint8 STATE_LED=0;
   \                     STATE_LED:
   \   000000                DS 1
   \   000001                REQUIRE __INIT_XDATA_Z
     18          

   \                                 In  segment XDATA_Z, align 1, keep-with-next
     19          int8 TEMP_SENSOR=0;
   \                     TEMP_SENSOR:
   \   000000                DS 1
   \   000001                REQUIRE __INIT_XDATA_Z
     20          

   \                                 In  segment XDATA_Z, align 1, keep-with-next
     21          uint8 ds18b20_ROM[8]; // ROM Bit
   \                     ds18b20_ROM:
   \   000000                DS 8
   \   000008                REQUIRE __INIT_XDATA_Z

   \                                 In  segment XDATA_Z, align 1, keep-with-next
     22          uint8 ds18b20_lastDiscrep = 0; // last discrepancy
   \                     ds18b20_lastDiscrep:
   \   000000                DS 1
   \   000001                REQUIRE __INIT_XDATA_Z

   \                                 In  segment XDATA_Z, align 1, keep-with-next
     23          uint8 ds18b20_doneFlag = 0; // Done flag
   \                     ds18b20_doneFlag:
   \   000000                DS 1
   \   000001                REQUIRE __INIT_XDATA_Z

   \                                 In  segment XDATA_Z, align 1, keep-with-next
     24          uint8 ds18b20_FoundROM[ds18b20_MAX_DEVICES][8]; // table of found ROM codes
   \                     ds18b20_FoundROM:
   \   000000                DS 128
   \   000080                REQUIRE __INIT_XDATA_Z

   \                                 In  segment XDATA_Z, align 1, keep-with-next
     25          uint8 ds18b20_numROMs;
   \                     ds18b20_numROMs:
   \   000000                DS 1
   \   000001                REQUIRE __INIT_XDATA_Z

   \                                 In  segment XDATA_Z, align 1, keep-with-next
     26          uint8 ds18b20_dowcrc;
   \                     ds18b20_dowcrc:
   \   000000                DS 1
   \   000001                REQUIRE __INIT_XDATA_Z

   \                                 In  segment XDATA_Z, align 1, keep-with-next
     27          uint8 ds18b20_current;
   \                     ds18b20_current:
   \   000000                DS 1
   \   000001                REQUIRE __INIT_XDATA_Z

   \                                 In  segment XDATA_I, align 1, keep-with-next
     28          volatile uint8 ds18b20_dscrc_table[] = {
   \                     ds18b20_dscrc_table:
   \   000000                DS 256
   \   000100                REQUIRE `?<Initializer for ds18b20_dscrc_table>`
   \   000100                REQUIRE __INIT_XDATA_I
     29          0, 94,188,226, 97, 63,221,131,194,156,126, 32,163,253, 31, 65,
     30          157,195, 33,127,252,162, 64, 30, 95, 1,227,189, 62, 96,130,220,
     31          35,125,159,193, 66, 28,254,160,225,191, 93, 3,128,222, 60, 98,
     32          190,224, 2, 92,223,129, 99, 61,124, 34,192,158, 29, 67,161,255,
     33          70, 24,250,164, 39,121,155,197,132,218, 56,102,229,187, 89, 7,
     34          219,133,103, 57,186,228, 6, 88, 25, 71,165,251,120, 38,196,154,
     35          101, 59,217,135, 4, 90,184,230,167,249, 27, 69,198,152,122, 36,
     36          248,166, 68, 26,153,199, 37,123, 58,100,134,216, 91, 5,231,185,
     37          140,210, 48,110,237,179, 81, 15, 78, 16,242,172, 47,113,147,205,
     38          17, 79,173,243,112, 46,204,146,211,141,111, 49,178,236, 14, 80,
     39          175,241, 19, 77,206,144,114, 44,109, 51,209,143, 12, 82,176,238,
     40          50,108,142,208, 83, 13,239,177,240,174, 76, 18,145,207, 45,115,
     41          202,148,118, 40,171,245, 23, 73, 8, 86,180,234,105, 55,213,139,
     42          87, 9,235,181, 54,104,138,212,149,203, 41,119,244,170, 72, 22,
     43          233,183, 85, 11,136,214, 52,106, 43,117,151,201, 74, 20,246,168,
     44          116, 42,200,150, 21, 75,169,247,182,232, 10, 84,215,137,107, 53};

   \                                 In  segment XDATA_I, align 1, keep-with-next
     45          char EXT_Temperature_string[1 + 8*2 + 1 + 7 + 1] = { 24, '0', '0', '0', '0', '0', '0', '0', '0', '0', '0', '0', '0', '0', '0', '0', '0', ':', '-', '9', '9', '9', '.', '9', '9', 0 };
   \                     EXT_Temperature_string:
   \   000000                DS 26
   \   00001A                REQUIRE `?<Initializer for EXT_Temperature_string>`
   \   00001A                REQUIRE __INIT_XDATA_I

   \                                 In  segment XDATA_Z, align 1, keep-with-next
     46          float EXT_Temperatures[ds18b20_MAX_DEVICES];
   \                     EXT_Temperatures:
   \   000000                DS 64
   \   000040                REQUIRE __INIT_XDATA_Z

   \                                 In  segment XDATA_ID, align 1, keep-with-next
   \                     `?<Initializer for float_NaN>`:
   \   000000   0100807F     DD 2139095041

   \                                 In  segment XDATA_ID, align 1, keep-with-next
   \                     `?<Initializer for ds18b20_dscrc_table>`:
   \   000000   00           DB 0
   \   000001   5E           DB 94
   \   000002   BC           DB 188
   \   000003   E2           DB 226
   \   000004   61           DB 97
   \   000005   3F           DB 63
   \   000006   DD           DB 221
   \   000007   83           DB 131
   \   000008   C2           DB 194
   \   000009   9C           DB 156
   \   00000A   7E           DB 126
   \   00000B   20           DB 32
   \   00000C   A3           DB 163
   \   00000D   FD           DB 253
   \   00000E   1F           DB 31
   \   00000F   41           DB 65
   \   000010   9D           DB 157
   \   000011   C3           DB 195
   \   000012   21           DB 33
   \   000013   7F           DB 127
   \   000014   FC           DB 252
   \   000015   A2           DB 162
   \   000016   40           DB 64
   \   000017   1E           DB 30
   \   000018   5F           DB 95
   \   000019   01           DB 1
   \   00001A   E3           DB 227
   \   00001B   BD           DB 189
   \   00001C   3E           DB 62
   \   00001D   60           DB 96
   \   00001E   82           DB 130
   \   00001F   DC           DB 220
   \   000020   23           DB 35
   \   000021   7D           DB 125
   \   000022   9F           DB 159
   \   000023   C1           DB 193
   \   000024   42           DB 66
   \   000025   1C           DB 28
   \   000026   FE           DB 254
   \   000027   A0           DB 160
   \   000028   E1           DB 225
   \   000029   BF           DB 191
   \   00002A   5D           DB 93
   \   00002B   03           DB 3
   \   00002C   80           DB 128
   \   00002D   DE           DB 222
   \   00002E   3C           DB 60
   \   00002F   62           DB 98
   \   000030   BE           DB 190
   \   000031   E0           DB 224
   \   000032   02           DB 2
   \   000033   5C           DB 92
   \   000034   DF           DB 223
   \   000035   81           DB 129
   \   000036   63           DB 99
   \   000037   3D           DB 61
   \   000038   7C           DB 124
   \   000039   22           DB 34
   \   00003A   C0           DB 192
   \   00003B   9E           DB 158
   \   00003C   1D           DB 29
   \   00003D   43           DB 67
   \   00003E   A1           DB 161
   \   00003F   FF           DB 255
   \   000040   46           DB 70
   \   000041   18           DB 24
   \   000042   FA           DB 250
   \   000043   A4           DB 164
   \   000044   27           DB 39
   \   000045   79           DB 121
   \   000046   9B           DB 155
   \   000047   C5           DB 197
   \   000048   84           DB 132
   \   000049   DA           DB 218
   \   00004A   38           DB 56
   \   00004B   66           DB 102
   \   00004C   E5           DB 229
   \   00004D   BB           DB 187
   \   00004E   59           DB 89
   \   00004F   07           DB 7
   \   000050   DB           DB 219
   \   000051   85           DB 133
   \   000052   67           DB 103
   \   000053   39           DB 57
   \   000054   BA           DB 186
   \   000055   E4           DB 228
   \   000056   06           DB 6
   \   000057   58           DB 88
   \   000058   19           DB 25
   \   000059   47           DB 71
   \   00005A   A5           DB 165
   \   00005B   FB           DB 251
   \   00005C   78           DB 120
   \   00005D   26           DB 38
   \   00005E   C4           DB 196
   \   00005F   9A           DB 154
   \   000060   65           DB 101
   \   000061   3B           DB 59
   \   000062   D9           DB 217
   \   000063   87           DB 135
   \   000064   04           DB 4
   \   000065   5A           DB 90
   \   000066   B8           DB 184
   \   000067   E6           DB 230
   \   000068   A7           DB 167
   \   000069   F9           DB 249
   \   00006A   1B           DB 27
   \   00006B   45           DB 69
   \   00006C   C6           DB 198
   \   00006D   98           DB 152
   \   00006E   7A           DB 122
   \   00006F   24           DB 36
   \   000070   F8           DB 248
   \   000071   A6           DB 166
   \   000072   44           DB 68
   \   000073   1A           DB 26
   \   000074   99           DB 153
   \   000075   C7           DB 199
   \   000076   25           DB 37
   \   000077   7B           DB 123
   \   000078   3A           DB 58
   \   000079   64           DB 100
   \   00007A   86           DB 134
   \   00007B   D8           DB 216
   \   00007C   5B           DB 91
   \   00007D   05           DB 5
   \   00007E   E7           DB 231
   \   00007F   B9           DB 185
   \   000080   8C           DB 140
   \   000081   D2           DB 210
   \   000082   30           DB 48
   \   000083   6E           DB 110
   \   000084   ED           DB 237
   \   000085   B3           DB 179
   \   000086   51           DB 81
   \   000087   0F           DB 15
   \   000088   4E           DB 78
   \   000089   10           DB 16
   \   00008A   F2           DB 242
   \   00008B   AC           DB 172
   \   00008C   2F           DB 47
   \   00008D   71           DB 113
   \   00008E   93           DB 147
   \   00008F   CD           DB 205
   \   000090   11           DB 17
   \   000091   4F           DB 79
   \   000092   AD           DB 173
   \   000093   F3           DB 243
   \   000094   70           DB 112
   \   000095   2E           DB 46
   \   000096   CC           DB 204
   \   000097   92           DB 146
   \   000098   D3           DB 211
   \   000099   8D           DB 141
   \   00009A   6F           DB 111
   \   00009B   31           DB 49
   \   00009C   B2           DB 178
   \   00009D   EC           DB 236
   \   00009E   0E           DB 14
   \   00009F   50           DB 80
   \   0000A0   AF           DB 175
   \   0000A1   F1           DB 241
   \   0000A2   13           DB 19
   \   0000A3   4D           DB 77
   \   0000A4   CE           DB 206
   \   0000A5   90           DB 144
   \   0000A6   72           DB 114
   \   0000A7   2C           DB 44
   \   0000A8   6D           DB 109
   \   0000A9   33           DB 51
   \   0000AA   D1           DB 209
   \   0000AB   8F           DB 143
   \   0000AC   0C           DB 12
   \   0000AD   52           DB 82
   \   0000AE   B0           DB 176
   \   0000AF   EE           DB 238
   \   0000B0   32           DB 50
   \   0000B1   6C           DB 108
   \   0000B2   8E           DB 142
   \   0000B3   D0           DB 208
   \   0000B4   53           DB 83
   \   0000B5   0D           DB 13
   \   0000B6   EF           DB 239
   \   0000B7   B1           DB 177
   \   0000B8   F0           DB 240
   \   0000B9   AE           DB 174
   \   0000BA   4C           DB 76
   \   0000BB   12           DB 18
   \   0000BC   91           DB 145
   \   0000BD   CF           DB 207
   \   0000BE   2D           DB 45
   \   0000BF   73           DB 115
   \   0000C0   CA           DB 202
   \   0000C1   94           DB 148
   \   0000C2   76           DB 118
   \   0000C3   28           DB 40
   \   0000C4   AB           DB 171
   \   0000C5   F5           DB 245
   \   0000C6   17           DB 23
   \   0000C7   49           DB 73
   \   0000C8   08           DB 8
   \   0000C9   56           DB 86
   \   0000CA   B4           DB 180
   \   0000CB   EA           DB 234
   \   0000CC   69           DB 105
   \   0000CD   37           DB 55
   \   0000CE   D5           DB 213
   \   0000CF   8B           DB 139
   \   0000D0   57           DB 87
   \   0000D1   09           DB 9
   \   0000D2   EB           DB 235
   \   0000D3   B5           DB 181
   \   0000D4   36           DB 54
   \   0000D5   68           DB 104
   \   0000D6   8A           DB 138
   \   0000D7   D4           DB 212
   \   0000D8   95           DB 149
   \   0000D9   CB           DB 203
   \   0000DA   29           DB 41
   \   0000DB   77           DB 119
   \   0000DC   F4           DB 244
   \   0000DD   AA           DB 170
   \   0000DE   48           DB 72
   \   0000DF   16           DB 22
   \   0000E0   E9           DB 233
   \   0000E1   B7           DB 183
   \   0000E2   55           DB 85
   \   0000E3   0B           DB 11
   \   0000E4   88           DB 136
   \   0000E5   D6           DB 214
   \   0000E6   34           DB 52
   \   0000E7   6A           DB 106
   \   0000E8   2B           DB 43
   \   0000E9   75           DB 117
   \   0000EA   97           DB 151
   \   0000EB   C9           DB 201
   \   0000EC   4A           DB 74
   \   0000ED   14           DB 20
   \   0000EE   F6           DB 246
   \   0000EF   A8           DB 168
   \   0000F0   74           DB 116
   \   0000F1   2A           DB 42
   \   0000F2   C8           DB 200
   \   0000F3   96           DB 150
   \   0000F4   15           DB 21
   \   0000F5   4B           DB 75
   \   0000F6   A9           DB 169
   \   0000F7   F7           DB 247
   \   0000F8   B6           DB 182
   \   0000F9   E8           DB 232
   \   0000FA   0A           DB 10
   \   0000FB   54           DB 84
   \   0000FC   D7           DB 215
   \   0000FD   89           DB 137
   \   0000FE   6B           DB 107
   \   0000FF   35           DB 53

   \                                 In  segment XDATA_ID, align 1, keep-with-next
   \                     `?<Initializer for EXT_Temperature_string>`:
   \   000000   18           DB 24
   \   000001   30           DB 48
   \   000002   30           DB 48
   \   000003   30           DB 48
   \   000004   30           DB 48
   \   000005   30           DB 48
   \   000006   30           DB 48
   \   000007   30           DB 48
   \   000008   30           DB 48
   \   000009   30           DB 48
   \   00000A   30           DB 48
   \   00000B   30           DB 48
   \   00000C   30           DB 48
   \   00000D   30           DB 48
   \   00000E   30           DB 48
   \   00000F   30           DB 48
   \   000010   30           DB 48
   \   000011   3A           DB 58
   \   000012   2D           DB 45
   \   000013   39           DB 57
   \   000014   39           DB 57
   \   000015   39           DB 57
   \   000016   2E           DB 46
   \   000017   39           DB 57
   \   000018   39           DB 57
   \   000019   00           DB 0


   Segment part sizes:

   Bytes  Function/Label
   -----  --------------
      26  ?<Initializer for EXT_Temperature_string>
     256  ?<Initializer for ds18b20_dscrc_table>
       4  ?<Initializer for float_NaN>
       4  ADC_Voltage
       4  CPU_Temperature
       2  DIG_IN
       4  EXT_Humidity
       4  EXT_Temperature
      26  EXT_Temperature_string
      64  EXT_Temperatures
       4  S0
       1  STATE_LED
       1  STATE_LIGHT
       1  TEMP_SENSOR
     128  ds18b20_FoundROM
       8  ds18b20_ROM
       1  ds18b20_current
       1  ds18b20_doneFlag
       1  ds18b20_dowcrc
     256  ds18b20_dscrc_table
       1  ds18b20_lastDiscrep
       1  ds18b20_numROMs
       4  float_NaN
       2  zclZigUPSeqNum
       1  zclZigUP_TaskID

 
 286 bytes in segment XDATA_I
 286 bytes in segment XDATA_ID
 233 bytes in segment XDATA_Z
 
 286 bytes of CODE  memory
 519 bytes of XDATA memory

Errors: none
Warnings: none
