###############################################################################
#
# IAR C/C++ Compiler V10.10.1.4655 for 8051               20/Nov/2021  20:16:31
# Copyright 2004-2017 IAR Systems AB.
# Standalone license - IAR Embedded Workbench for 8051
#
#    Core               =  plain
#    Code model         =  banked
#    Data model         =  large
#    Calling convention =  xdata reentrant
#    Constant location  =  data_rom
#    Dptr setup         =  1,16
#                          
#    Source file        =  
#        D:\Z-Stack Home
#        1.2.2a.44539\Projects\zstack\HomeAutomation\ZigUP\Source\led.c
#    Command line       =  
#        -f C:\Users\tatbo\AppData\Local\Temp\EW9929.tmp ("D:\Z-Stack Home
#        1.2.2a.44539\Projects\zstack\HomeAutomation\ZigUP\Source\led.c" -D
#        SECURE=1 -D HAL_KEY=FALSE -D HAL_LED=FALSE -D HAL_LCD=FALSE -D
#        HAL_UART=FALSE -D TC_LINKKEY_JOIN -D NV_INIT -D NV_RESTORE -D
#        xHOLD_AUTO_START -D ZTOOL_P1 -D MT_TASK -D MT_APP_FUNC -D MT_SYS_FUNC
#        -D MT_ZDO_FUNC -D LCD_SUPPORTED=FALSE -D MULTICAST_ENABLED=FALSE -D
#        ZCL_READ -D ZCL_WRITE -D ZCL_REPORT -D xZCL_EZMODE -D ZCL_BASIC -D
#        ZCL_IDENTIFY -D ZCL_ON_OFF -D ZCL_SCENES -D ZCL_GROUPS -D
#        xZCL_LEVEL_CTRL -D ZCL_DIAGNOSTIC -D FEATURE_SYSTEM_STATS -D
#        ZCL_DOORLOCK -lC "D:\Z-Stack Home
#        1.2.2a.44539\Projects\zstack\HomeAutomation\ZigUP\CC2530DB\EndDeviceEB\List"
#        -lA "D:\Z-Stack Home
#        1.2.2a.44539\Projects\zstack\HomeAutomation\ZigUP\CC2530DB\EndDeviceEB\List"
#        --diag_suppress Pe001,Pa010 -o "D:\Z-Stack Home
#        1.2.2a.44539\Projects\zstack\HomeAutomation\ZigUP\CC2530DB\EndDeviceEB\Obj"
#        -e --debug --core=plain --dptr=16,1 --data_model=large
#        --code_model=banked --calling_convention=xdata_reentrant
#        --place_constants=data_rom --nr_virtual_regs 16 -f "D:\Z-Stack Home
#        1.2.2a.44539\Projects\zstack\HomeAutomation\ZigUP\CC2530DB\..\..\..\Tools\CC2530DB\f8wEndev.cfg"
#        (-DCPU32MHZ -DROOT=__near_func -DMAC_CFG_TX_DATA_MAX=3
#        -DMAC_CFG_TX_MAX=6 -DMAC_CFG_RX_MAX=3) -f "D:\Z-Stack Home
#        1.2.2a.44539\Projects\zstack\HomeAutomation\ZigUP\CC2530DB\..\..\..\Tools\CC2530DB\f8wConfig.cfg"
#        (-DZIGBEEPRO -DSECURE=1 -DZG_SECURE_DYNAMIC=0 -DREFLECTOR
#        -DDEFAULT_CHANLIST=0x00000800 -DZDAPP_CONFIG_PAN_ID=0xFFFF
#        -DNWK_START_DELAY=100 -DEXTENDED_JOINING_RANDOM_MASK=0x007F
#        -DBEACON_REQUEST_DELAY=100 -DBEACON_REQ_DELAY_MASK=0x00FF
#        -DLINK_STATUS_JITTER_MASK=0x007F -DROUTE_EXPIRY_TIME=30
#        -DAPSC_ACK_WAIT_DURATION_POLLED=3000 -DNWK_INDIRECT_MSG_TIMEOUT=7
#        -DMAX_RREQ_ENTRIES=8 -DAPSC_MAX_FRAME_RETRIES=3
#        -DNWK_MAX_DATA_RETRIES=2 -DMAX_POLL_FAILURE_RETRIES=2 -DMAX_BCAST=9
#        -DAPS_MAX_GROUPS=16 -DMAX_RTG_ENTRIES=40 -DNWK_MAX_BINDING_ENTRIES=4
#        -DMAX_BINDING_CLUSTER_IDS=4 "-DDEFAULT_KEY={0x01, 0x03, 0x05, 0x07,
#        0x09, 0x0B, 0x0D, 0x0F, 0x00, 0x02, 0x04, 0x06, 0x08, 0x0A, 0x0C,
#        0x0D}" -DMAC_MAX_FRAME_SIZE=116 -DZDNWKMGR_MIN_TRANSMISSIONS=20
#        "-DCONST=const __code" -DGENERIC=__generic -DRFD_RCVC_ALWAYS_ON=FALSE
#        -DPOLL_RATE=1000 -DQUEUED_POLL_RATE=100 -DRESPONSE_POLL_RATE=100
#        -DREJOIN_POLL_RATE=440 -DREJOIN_BACKOFF=900000 -DREJOIN_SCAN=900000)
#        -f "D:\Z-Stack Home
#        1.2.2a.44539\Projects\zstack\HomeAutomation\ZigUP\CC2530DB\..\..\..\Tools\CC2530DB\f8wZCL.cfg"
#        -I "D:\Z-Stack Home
#        1.2.2a.44539\Projects\zstack\HomeAutomation\ZigUP\CC2530DB\" -I
#        "D:\Z-Stack Home
#        1.2.2a.44539\Projects\zstack\HomeAutomation\ZigUP\CC2530DB\..\Source\"
#        -I "D:\Z-Stack Home
#        1.2.2a.44539\Projects\zstack\HomeAutomation\ZigUP\CC2530DB\..\..\Source\"
#        -I "D:\Z-Stack Home
#        1.2.2a.44539\Projects\zstack\HomeAutomation\ZigUP\CC2530DB\..\..\..\ZMain\TI2530DB\"
#        -I "D:\Z-Stack Home
#        1.2.2a.44539\Projects\zstack\HomeAutomation\ZigUP\CC2530DB\..\..\..\..\..\Components\hal\include\"
#        -I "D:\Z-Stack Home
#        1.2.2a.44539\Projects\zstack\HomeAutomation\ZigUP\CC2530DB\..\..\..\..\..\Components\hal\target\CC2530EB\"
#        -I "D:\Z-Stack Home
#        1.2.2a.44539\Projects\zstack\HomeAutomation\ZigUP\CC2530DB\..\..\..\..\..\Components\mac\include\"
#        -I "D:\Z-Stack Home
#        1.2.2a.44539\Projects\zstack\HomeAutomation\ZigUP\CC2530DB\..\..\..\..\..\Components\mac\high_level\"
#        -I "D:\Z-Stack Home
#        1.2.2a.44539\Projects\zstack\HomeAutomation\ZigUP\CC2530DB\..\..\..\..\..\Components\mac\low_level\srf04\"
#        -I "D:\Z-Stack Home
#        1.2.2a.44539\Projects\zstack\HomeAutomation\ZigUP\CC2530DB\..\..\..\..\..\Components\mac\low_level\srf04\single_chip\"
#        -I "D:\Z-Stack Home
#        1.2.2a.44539\Projects\zstack\HomeAutomation\ZigUP\CC2530DB\..\..\..\..\..\Components\mt\"
#        -I "D:\Z-Stack Home
#        1.2.2a.44539\Projects\zstack\HomeAutomation\ZigUP\CC2530DB\..\..\..\..\..\Components\osal\include\"
#        -I "D:\Z-Stack Home
#        1.2.2a.44539\Projects\zstack\HomeAutomation\ZigUP\CC2530DB\..\..\..\..\..\Components\services\saddr\"
#        -I "D:\Z-Stack Home
#        1.2.2a.44539\Projects\zstack\HomeAutomation\ZigUP\CC2530DB\..\..\..\..\..\Components\services\sdata\"
#        -I "D:\Z-Stack Home
#        1.2.2a.44539\Projects\zstack\HomeAutomation\ZigUP\CC2530DB\..\..\..\..\..\Components\stack\af\"
#        -I "D:\Z-Stack Home
#        1.2.2a.44539\Projects\zstack\HomeAutomation\ZigUP\CC2530DB\..\..\..\..\..\Components\stack\nwk\"
#        -I "D:\Z-Stack Home
#        1.2.2a.44539\Projects\zstack\HomeAutomation\ZigUP\CC2530DB\..\..\..\..\..\Components\stack\sapi\"
#        -I "D:\Z-Stack Home
#        1.2.2a.44539\Projects\zstack\HomeAutomation\ZigUP\CC2530DB\..\..\..\..\..\Components\stack\sec\"
#        -I "D:\Z-Stack Home
#        1.2.2a.44539\Projects\zstack\HomeAutomation\ZigUP\CC2530DB\..\..\..\..\..\Components\stack\sys\"
#        -I "D:\Z-Stack Home
#        1.2.2a.44539\Projects\zstack\HomeAutomation\ZigUP\CC2530DB\..\..\..\..\..\Components\stack\zcl\"
#        -I "D:\Z-Stack Home
#        1.2.2a.44539\Projects\zstack\HomeAutomation\ZigUP\CC2530DB\..\..\..\..\..\Components\stack\zdo\"
#        -I "D:\Z-Stack Home
#        1.2.2a.44539\Projects\zstack\HomeAutomation\ZigUP\CC2530DB\..\..\..\..\..\Components\zmac\"
#        -I "D:\Z-Stack Home
#        1.2.2a.44539\Projects\zstack\HomeAutomation\ZigUP\CC2530DB\..\..\..\..\..\Components\zmac\f8w\"
#        -Ohz --require_prototypes)
#    Locale             =  Chinese (Simplified)_China.936
#    List file          =  
#        D:\Z-Stack Home
#        1.2.2a.44539\Projects\zstack\HomeAutomation\ZigUP\CC2530DB\EndDeviceEB\List\led.lst
#    Object file        =  
#        D:\Z-Stack Home
#        1.2.2a.44539\Projects\zstack\HomeAutomation\ZigUP\CC2530DB\EndDeviceEB\Obj\led.r51
#
###############################################################################

D:\Z-Stack Home 1.2.2a.44539\Projects\zstack\HomeAutomation\ZigUP\Source\led.c
      1          #include "onboard.h"

   \                                 In  segment SFR_AN, at 0x90
   \   union <unnamed> volatile __sfr _A_P1
   \                     _A_P1:
   \   000000                DS 1

   \                                 In  segment SFR_AN, at 0xf4
   \   unsigned char volatile __sfr P1SEL
   \                     P1SEL:
   \   000000                DS 1
      2          #include "global.h"
      3          #include "led.h"
      4          #include <string.h>
      5          

   \                                 In  segment BANKED_CODE, align 1, keep-with-next
      6          void LED(uint8 state)
   \                     LED:
      7          {
   \   000000   C082         PUSH      DPL
   \   000002   C083         PUSH      DPH
   \   000004                ; Saved register size: 2
   \   000004                ; Auto size: 0
      8            P1SEL &= ~BV(6); // LED = GPIO
   \   000004   53F4BF       ANL       0xf4,#0xbf
      9            
     10            if (state)	// Switch LED on
   \   000007   E9           MOV       A,R1
   \   000008   6004         JZ        ??LED_0
     11            {
     12              P1_6 = 1; // ON
   \   00000A   D296         SETB      0x90.6
   \   00000C   8002         SJMP      ??LED_1
     13            }
     14            else	// Switch LED off
     15            {
     16              P1_6 = 0; // OFF
   \                     ??LED_0:
   \   00000E   C296         CLR       0x90.6
     17            }
     18            STATE_LED = state;
   \                     ??LED_1:
   \   000010   90....       MOV       DPTR,#STATE_LED
   \   000013   F0           MOVX      @DPTR,A
     19          }
   \   000014   D083         POP       DPH
   \   000016   D082         POP       DPL
   \   000018   02....       LJMP      ?BRET
   \   00001B                REQUIRE P1SEL
   \   00001B                REQUIRE _A_P1

   \                                 In  segment BANK_RELAYS, align 1
   \                     `??LED::?relay`:
   \   000000   12....       LCALL   ?BDISPATCH
   \   000003   ......       DC24    LED
     20          
     21          
     22          

   Maximum stack usage in bytes:

   ISTACK Function
   ------ --------
      2   LED


   Segment part sizes:

   Bytes  Function/Label
   -----  --------------
      27  LED
       6  LED::?relay
       1  P1SEL
       1  _A_P1

 
 27 bytes in segment BANKED_CODE
  6 bytes in segment BANK_RELAYS
  2 bytes in segment SFR_AN
 
  6 bytes of CODE     memory
  0 bytes of DATA     memory (+ 2 bytes shared)
 27 bytes of HUGECODE memory

Errors: none
Warnings: none
